<?xml version="1.0" encoding="UTF-8"?>
<!-- Generated by org.testng.reporters.JUnitReportReporter -->
<testsuite hostname="DESKTOP-THC7EE7" failures="0" tests="2" name="qaclickacademy.AppiumTest" time="0.032" errors="0" timestamp="2021-06-14T16:47:24 IST" skipped="0">
  <testcase classname="qaclickacademy.AppiumTest" name="postIOSApps" time="0.032"/>
  <system-out/>
  <testcase classname="qaclickacademy.AppiumTest" name="postnativeAppAndroid" time="0.000"/>
  <system-out/>
</testsuite> <!-- qaclickacademy.AppiumTest -->
